<?xml version="1.0" encoding="UTF-8"?>
<testng-results skipped="0" failed="0" ignored="0" total="1" passed="1">
  <reporter-output>
  </reporter-output>
  <suite name="Surefire suite" duration-ms="54170" started-at="2020-06-01T12:12:18 IST" finished-at="2020-06-01T12:13:12 IST">
    <groups>
    </groups>
    <test name="Surefire test" duration-ms="54170" started-at="2020-06-01T12:12:18 IST" finished-at="2020-06-01T12:13:12 IST">
      <class name="testdefination.NewtoursRegisterUser">
        <test-method status="PASS" signature="setupTest()[pri:0, instance:testdefination.NewtoursRegisterUser@7085bdee]" name="setupTest" is-config="true" duration-ms="24531" started-at="2020-06-01T12:12:18 IST" finished-at="2020-06-01T12:12:43 IST">
          <reporter-output>
          </reporter-output>
        </test-method> <!-- setupTest -->
        <test-method status="PASS" signature="testExecution()[pri:0, instance:testdefination.NewtoursRegisterUser@7085bdee]" name="testExecution" duration-ms="24746" started-at="2020-06-01T12:12:43 IST" finished-at="2020-06-01T12:13:08 IST">
          <reporter-output>
          </reporter-output>
        </test-method> <!-- testExecution -->
        <test-method status="PASS" signature="tearDown()[pri:0, instance:testdefination.NewtoursRegisterUser@7085bdee]" name="tearDown" is-config="true" duration-ms="4849" started-at="2020-06-01T12:13:08 IST" finished-at="2020-06-01T12:13:12 IST">
          <reporter-output>
          </reporter-output>
        </test-method> <!-- tearDown -->
      </class> <!-- testdefination.NewtoursRegisterUser -->
    </test> <!-- Surefire test -->
  </suite> <!-- Surefire suite -->
</testng-results>
